<?xml version="1.0" encoding="UTF-8"?>
<testng-results ignored="0" total="1" passed="1" failed="0" skipped="0">
  <reporter-output>
  </reporter-output>
  <suite started-at="2025-02-01T18:50:31 IST" name="All Test Suite" finished-at="2025-02-01T18:51:06 IST" duration-ms="35875">
    <groups>
    </groups>
    <test started-at="2025-02-01T18:50:31 IST" name="Demo Test" finished-at="2025-02-01T18:51:06 IST" duration-ms="35875">
      <class name="org.example.AddProductToCartTest">
        <test-method is-config="true" signature="launchBrowser()[pri:0, instance:org.example.AddProductToCartTest@6c4906d3]" started-at="2025-02-01T18:50:31 IST" name="launchBrowser" finished-at="2025-02-01T18:50:47 IST" duration-ms="15898" status="PASS">
          <reporter-output>
          </reporter-output>
        </test-method> <!-- launchBrowser -->
        <test-method signature="addProductToCartTest(java.lang.String)[pri:0, instance:org.example.AddProductToCartTest@6c4906d3]" started-at="2025-02-01T18:50:47 IST" name="addProductToCartTest" data-provider="data" finished-at="2025-02-01T18:51:05 IST" duration-ms="18240" status="PASS">
          <params>
            <param index="0">
              <value>
                <![CDATA[book]]>
              </value>
            </param>
          </params>
          <reporter-output>
          </reporter-output>
        </test-method> <!-- addProductToCartTest -->
        <test-method is-config="true" signature="quitBrowser()[pri:0, instance:org.example.AddProductToCartTest@6c4906d3]" started-at="2025-02-01T18:51:05 IST" name="quitBrowser" finished-at="2025-02-01T18:51:06 IST" duration-ms="1525" status="PASS">
          <reporter-output>
          </reporter-output>
        </test-method> <!-- quitBrowser -->
      </class> <!-- org.example.AddProductToCartTest -->
    </test> <!-- Demo Test -->
  </suite> <!-- All Test Suite -->
</testng-results>
