<?xml version="1.0" encoding="UTF-8"?>
<testng-results ignored="0" total="1" passed="1" failed="0" skipped="0">
  <reporter-output>
  </reporter-output>
  <suite started-at="2024-10-28T11:13:55 IST" name="All Test Suite" finished-at="2024-10-28T11:14:16 IST" duration-ms="20344">
    <groups>
      <group name="smoke">
        <method signature="Example1.practice(java.lang.String)[pri:0, instance:org.example.Example1@3ee37e5a]" name="practice" class="org.example.Example1"/>
      </group> <!-- smoke -->
    </groups>
    <test started-at="2024-10-28T11:13:55 IST" name="Demo Test" finished-at="2024-10-28T11:14:16 IST" duration-ms="20344">
      <class name="org.example.Example1">
        <test-method signature="practice(java.lang.String)[pri:0, instance:org.example.Example1@3ee37e5a]" started-at="2024-10-28T11:13:55 IST" name="practice" finished-at="2024-10-28T11:14:16 IST" duration-ms="20221" status="PASS">
          <params>
            <param index="0">
              <value>
                <![CDATA[chrome]]>
              </value>
            </param>
          </params>
          <reporter-output>
          </reporter-output>
        </test-method> <!-- practice -->
      </class> <!-- org.example.Example1 -->
    </test> <!-- Demo Test -->
  </suite> <!-- All Test Suite -->
</testng-results>
